[2025-08-26T09:24:10.759Z] Summary Query: 
      SELECT 
        t.uu_bms_id,
        CONCAT(m.pms_sec_id, ',', m.structure_no) AS bridge_name,
        m.district,
        (COALESCE(m.span_length_m, 0) * COALESCE(m.no_of_span, 0)) AS bridge_length,
        COUNT(*) FILTER (WHERE t.qc_con = 2) AS approved_insp,
        SUM(
          CASE 
            WHEN t.qc_con = 1 AND t.surveyed_by = 'RAMS-UU' 
            THEN 1 
            ELSE 0 
          END
        ) AS pending_inspections,
        COUNT(*) FILTER (WHERE t.qc_con = 2 OR (t.qc_con = 1 AND t.surveyed_by = 'RAMS-UU')) AS total_inspections
      FROM bms.tbl_inspection_f t
      INNER JOIN bms.tbl_bms_master_data m ON t.uu_bms_id = m.uu_bms_id
      WHERE m.is_active = true
     AND LOWER(CONCAT(m.pms_sec_id, ',', m.structure_no)) ILIKE $1
      GROUP BY t.uu_bms_id, m.pms_sec_id, m.structure_no, m.district, m.span_length_m, m.no_of_span
      HAVING COUNT(*) FILTER (
        WHERE t.qc_con = 2 OR (t.qc_con = 1 AND t.surveyed_by = 'RAMS-UU')
      ) > 0
      ORDER BY t.uu_bms_id;
     | Parameters: ["% p_fa_l00138_inc_2,l00138_st_ 2096%"]
[2025-08-26T09:24:10.761Z] Consultant Query: 
      SELECT DISTINCT ON (ins.uu_bms_id)
        bmd."pms_sec_id", 
        bmd."structure_no",
        bmd."structure_type_id",
        CONCAT(bmd."pms_sec_id", ',', bmd."structure_no") AS bridge_name, 
        ins.uu_bms_id,
        ins."CheckingID",
        ins."inspection_id",
        ins."SpanIndex",
        ins."district_id", 
        ins."WorkKindName", 
        ins."PartsName", 
        ins."MaterialName", 
        ins."DamageKindName", 
        ins."DamageLevel", 
        ins."damage_extent",  
        ins."current_date_time",  
        ins."Remarks", 
        ins.qc_con,
        ins.qc_remarks_con,
        ins.inspection_images AS "PhotoPaths"
      FROM bms.tbl_inspection_f AS ins
      JOIN bms.tbl_bms_master_data AS bmd 
        ON ins."uu_bms_id" = bmd."uu_bms_id" AND bmd.is_active = true
      WHERE ((ins.surveyed_by = 'RAMS-UU' AND ins.qc_con = 3) AND ins.is_latest = true)
     AND LOWER(CONCAT(bmd.pms_sec_id, ',', bmd.structure_no)) ILIKE $1 ORDER BY ins.uu_bms_id, ins.inspection_id DESC; | Parameters: ["% p_fa_l00138_inc_2,l00138_st_ 2096%"]
[2025-08-26T09:24:10.761Z] RAMS Query: 
      SELECT DISTINCT ON (ins.uu_bms_id)
        bmd."pms_sec_id", 
        bmd."structure_no",
        bmd."structure_type_id",
        CONCAT(bmd."pms_sec_id", ',', bmd."structure_no") AS bridge_name, 
        ins.uu_bms_id,
        ins."SpanIndex",
        ins."district_id", 
        ins."WorkKindName", 
        ins."PartsName", 
        ins."MaterialName", 
        ins."DamageKindName", 
        ins."DamageLevel", 
        ins."damage_extent", 
        ins."current_date_time",  
        ins."Remarks", 
        ins.qc_rams,
        ins.qc_remarks_rams,
        ins.inspection_images AS "PhotoPaths"
      FROM bms.tbl_inspection_f AS ins
      JOIN bms.tbl_bms_master_data AS bmd 
        ON ins."uu_bms_id" = bmd."uu_bms_id" AND bmd.is_active = true
      WHERE ((ins.surveyed_by = 'RAMS-UU' AND ins.qc_con = 3) AND ins.is_latest = true)
     AND LOWER(CONCAT(bmd.pms_sec_id, ',', bmd.structure_no)) ILIKE $1 ORDER BY ins.uu_bms_id, ins.inspection_id DESC; | Parameters: ["% p_fa_l00138_inc_2,l00138_st_ 2096%"]
[2025-08-26T09:34:06.318Z] Summary Query: 
      SELECT 
        t.uu_bms_id,
        CONCAT(m.pms_sec_id, ',', m.structure_no) AS bridge_name,
        m.district,
        (COALESCE(m.span_length_m, 0) * COALESCE(m.no_of_span, 0)) AS bridge_length,
        COUNT(*) FILTER (WHERE t.qc_con = 2) AS approved_insp,
        SUM(
          CASE 
            WHEN t.qc_con = 1 AND t.surveyed_by = 'RAMS-UU' 
            THEN 1 
            ELSE 0 
          END
        ) AS pending_inspections,
        COUNT(*) FILTER (WHERE t.qc_con = 2 OR (t.qc_con = 1 AND t.surveyed_by = 'RAMS-UU')) AS total_inspections
      FROM bms.tbl_inspection_f t
      INNER JOIN bms.tbl_bms_master_data m ON t.uu_bms_id = m.uu_bms_id
      WHERE m.is_active = true
    
      GROUP BY t.uu_bms_id, m.pms_sec_id, m.structure_no, m.district, m.span_length_m, m.no_of_span
      HAVING COUNT(*) FILTER (
        WHERE t.qc_con = 2 OR (t.qc_con = 1 AND t.surveyed_by = 'RAMS-UU')
      ) > 0
      ORDER BY t.uu_bms_id;
     | Parameters: []
[2025-08-26T09:34:06.318Z] Consultant Query: 
      SELECT DISTINCT ON (ins.uu_bms_id)
        bmd."pms_sec_id", 
        bmd."structure_no",
        bmd."structure_type_id",
        CONCAT(bmd."pms_sec_id", ',', bmd."structure_no") AS bridge_name, 
        ins.uu_bms_id,
        ins."CheckingID",
        ins."inspection_id",
        ins."SpanIndex",
        ins."district_id", 
        ins."WorkKindName", 
        ins."PartsName", 
        ins."MaterialName", 
        ins."DamageKindName", 
        ins."DamageLevel", 
        ins."damage_extent",  
        ins."current_date_time",  
        ins."Remarks", 
        ins.qc_con,
        ins.qc_remarks_con,
        ins.inspection_images AS "PhotoPaths"
      FROM bms.tbl_inspection_f AS ins
      JOIN bms.tbl_bms_master_data AS bmd 
        ON ins."uu_bms_id" = bmd."uu_bms_id" AND bmd.is_active = true
      WHERE ((ins.surveyed_by = 'RAMS-UU' AND ins.qc_con = 3) AND ins.is_latest = true)
     ORDER BY ins.uu_bms_id, ins.inspection_id DESC; | Parameters: []
[2025-08-26T09:34:06.319Z] RAMS Query: 
      SELECT DISTINCT ON (ins.uu_bms_id)
        bmd."pms_sec_id", 
        bmd."structure_no",
        bmd."structure_type_id",
        CONCAT(bmd."pms_sec_id", ',', bmd."structure_no") AS bridge_name, 
        ins.uu_bms_id,
        ins."SpanIndex",
        ins."district_id", 
        ins."WorkKindName", 
        ins."PartsName", 
        ins."MaterialName", 
        ins."DamageKindName", 
        ins."DamageLevel", 
        ins."damage_extent", 
        ins."current_date_time",  
        ins."Remarks", 
        ins.qc_rams,
        ins.qc_remarks_rams,
        ins.inspection_images AS "PhotoPaths"
      FROM bms.tbl_inspection_f AS ins
      JOIN bms.tbl_bms_master_data AS bmd 
        ON ins."uu_bms_id" = bmd."uu_bms_id" AND bmd.is_active = true
      WHERE ((ins.surveyed_by = 'RAMS-UU' AND ins.qc_con = 3) AND ins.is_latest = true)
     ORDER BY ins.uu_bms_id, ins.inspection_id DESC; | Parameters: []
[2025-08-26T09:34:06.320Z] Summary Query: 
      SELECT 
        t.uu_bms_id,
        CONCAT(m.pms_sec_id, ',', m.structure_no) AS bridge_name,
        m.district,
        (COALESCE(m.span_length_m, 0) * COALESCE(m.no_of_span, 0)) AS bridge_length,
        COUNT(*) FILTER (WHERE t.qc_con = 2) AS approved_insp,
        SUM(
          CASE 
            WHEN t.qc_con = 1 AND t.surveyed_by = 'RAMS-UU' 
            THEN 1 
            ELSE 0 
          END
        ) AS pending_inspections,
        COUNT(*) FILTER (WHERE t.qc_con = 2 OR (t.qc_con = 1 AND t.surveyed_by = 'RAMS-UU')) AS total_inspections
      FROM bms.tbl_inspection_f t
      INNER JOIN bms.tbl_bms_master_data m ON t.uu_bms_id = m.uu_bms_id
      WHERE m.is_active = true
    
      GROUP BY t.uu_bms_id, m.pms_sec_id, m.structure_no, m.district, m.span_length_m, m.no_of_span
      HAVING COUNT(*) FILTER (
        WHERE t.qc_con = 2 OR (t.qc_con = 1 AND t.surveyed_by = 'RAMS-UU')
      ) > 0
      ORDER BY t.uu_bms_id;
     | Parameters: []
[2025-08-26T09:34:06.321Z] Consultant Query: 
      SELECT DISTINCT ON (ins.uu_bms_id)
        bmd."pms_sec_id", 
        bmd."structure_no",
        bmd."structure_type_id",
        CONCAT(bmd."pms_sec_id", ',', bmd."structure_no") AS bridge_name, 
        ins.uu_bms_id,
        ins."CheckingID",
        ins."inspection_id",
        ins."SpanIndex",
        ins."district_id", 
        ins."WorkKindName", 
        ins."PartsName", 
        ins."MaterialName", 
        ins."DamageKindName", 
        ins."DamageLevel", 
        ins."damage_extent",  
        ins."current_date_time",  
        ins."Remarks", 
        ins.qc_con,
        ins.qc_remarks_con,
        ins.inspection_images AS "PhotoPaths"
      FROM bms.tbl_inspection_f AS ins
      JOIN bms.tbl_bms_master_data AS bmd 
        ON ins."uu_bms_id" = bmd."uu_bms_id" AND bmd.is_active = true
      WHERE ((ins.surveyed_by = 'RAMS-UU' AND ins.qc_con = 3) AND ins.is_latest = true)
     ORDER BY ins.uu_bms_id, ins.inspection_id DESC; | Parameters: []
[2025-08-26T09:34:06.321Z] RAMS Query: 
      SELECT DISTINCT ON (ins.uu_bms_id)
        bmd."pms_sec_id", 
        bmd."structure_no",
        bmd."structure_type_id",
        CONCAT(bmd."pms_sec_id", ',', bmd."structure_no") AS bridge_name, 
        ins.uu_bms_id,
        ins."SpanIndex",
        ins."district_id", 
        ins."WorkKindName", 
        ins."PartsName", 
        ins."MaterialName", 
        ins."DamageKindName", 
        ins."DamageLevel", 
        ins."damage_extent", 
        ins."current_date_time",  
        ins."Remarks", 
        ins.qc_rams,
        ins.qc_remarks_rams,
        ins.inspection_images AS "PhotoPaths"
      FROM bms.tbl_inspection_f AS ins
      JOIN bms.tbl_bms_master_data AS bmd 
        ON ins."uu_bms_id" = bmd."uu_bms_id" AND bmd.is_active = true
      WHERE ((ins.surveyed_by = 'RAMS-UU' AND ins.qc_con = 3) AND ins.is_latest = true)
     ORDER BY ins.uu_bms_id, ins.inspection_id DESC; | Parameters: []
[2025-08-26T09:34:21.222Z] Summary Query: 
      SELECT 
        t.uu_bms_id,
        CONCAT(m.pms_sec_id, ',', m.structure_no) AS bridge_name,
        m.district,
        (COALESCE(m.span_length_m, 0) * COALESCE(m.no_of_span, 0)) AS bridge_length,
        COUNT(*) FILTER (WHERE t.qc_con = 2) AS approved_insp,
        SUM(
          CASE 
            WHEN t.qc_con = 1 AND t.surveyed_by = 'RAMS-UU' 
            THEN 1 
            ELSE 0 
          END
        ) AS pending_inspections,
        COUNT(*) FILTER (WHERE t.qc_con = 2 OR (t.qc_con = 1 AND t.surveyed_by = 'RAMS-UU')) AS total_inspections
      FROM bms.tbl_inspection_f t
      INNER JOIN bms.tbl_bms_master_data m ON t.uu_bms_id = m.uu_bms_id
      WHERE m.is_active = true
     AND LOWER(CONCAT(m.pms_sec_id, ',', m.structure_no)) ILIKE $1
      GROUP BY t.uu_bms_id, m.pms_sec_id, m.structure_no, m.district, m.span_length_m, m.no_of_span
      HAVING COUNT(*) FILTER (
        WHERE t.qc_con = 2 OR (t.qc_con = 1 AND t.surveyed_by = 'RAMS-UU')
      ) > 0
      ORDER BY t.uu_bms_id;
     | Parameters: ["%p_fa_l00172_inc_4,l00172_st_ 1888%"]
[2025-08-26T09:34:21.223Z] Consultant Query: 
      SELECT DISTINCT ON (ins.uu_bms_id)
        bmd."pms_sec_id", 
        bmd."structure_no",
        bmd."structure_type_id",
        CONCAT(bmd."pms_sec_id", ',', bmd."structure_no") AS bridge_name, 
        ins.uu_bms_id,
        ins."CheckingID",
        ins."inspection_id",
        ins."SpanIndex",
        ins."district_id", 
        ins."WorkKindName", 
        ins."PartsName", 
        ins."MaterialName", 
        ins."DamageKindName", 
        ins."DamageLevel", 
        ins."damage_extent",  
        ins."current_date_time",  
        ins."Remarks", 
        ins.qc_con,
        ins.qc_remarks_con,
        ins.inspection_images AS "PhotoPaths"
      FROM bms.tbl_inspection_f AS ins
      JOIN bms.tbl_bms_master_data AS bmd 
        ON ins."uu_bms_id" = bmd."uu_bms_id" AND bmd.is_active = true
      WHERE ((ins.surveyed_by = 'RAMS-UU' AND ins.qc_con = 3) AND ins.is_latest = true)
     AND LOWER(CONCAT(bmd.pms_sec_id, ',', bmd.structure_no)) ILIKE $1 ORDER BY ins.uu_bms_id, ins.inspection_id DESC; | Parameters: ["%p_fa_l00172_inc_4,l00172_st_ 1888%"]
[2025-08-26T09:34:21.225Z] RAMS Query: 
      SELECT DISTINCT ON (ins.uu_bms_id)
        bmd."pms_sec_id", 
        bmd."structure_no",
        bmd."structure_type_id",
        CONCAT(bmd."pms_sec_id", ',', bmd."structure_no") AS bridge_name, 
        ins.uu_bms_id,
        ins."SpanIndex",
        ins."district_id", 
        ins."WorkKindName", 
        ins."PartsName", 
        ins."MaterialName", 
        ins."DamageKindName", 
        ins."DamageLevel", 
        ins."damage_extent", 
        ins."current_date_time",  
        ins."Remarks", 
        ins.qc_rams,
        ins.qc_remarks_rams,
        ins.inspection_images AS "PhotoPaths"
      FROM bms.tbl_inspection_f AS ins
      JOIN bms.tbl_bms_master_data AS bmd 
        ON ins."uu_bms_id" = bmd."uu_bms_id" AND bmd.is_active = true
      WHERE ((ins.surveyed_by = 'RAMS-UU' AND ins.qc_con = 3) AND ins.is_latest = true)
     AND LOWER(CONCAT(bmd.pms_sec_id, ',', bmd.structure_no)) ILIKE $1 ORDER BY ins.uu_bms_id, ins.inspection_id DESC; | Parameters: ["%p_fa_l00172_inc_4,l00172_st_ 1888%"]
[2025-08-26T09:34:57.915Z] Summary Query: 
      SELECT 
        t.uu_bms_id,
        CONCAT(m.pms_sec_id, ',', m.structure_no) AS bridge_name,
        m.district,
        (COALESCE(m.span_length_m, 0) * COALESCE(m.no_of_span, 0)) AS bridge_length,
        COUNT(*) FILTER (WHERE t.qc_con = 2) AS approved_insp,
        SUM(
          CASE 
            WHEN t.qc_con = 1 AND t.surveyed_by = 'RAMS-UU' 
            THEN 1 
            ELSE 0 
          END
        ) AS pending_inspections,
        COUNT(*) FILTER (WHERE t.qc_con = 2 OR (t.qc_con = 1 AND t.surveyed_by = 'RAMS-UU')) AS total_inspections
      FROM bms.tbl_inspection_f t
      INNER JOIN bms.tbl_bms_master_data m ON t.uu_bms_id = m.uu_bms_id
      WHERE m.is_active = true
     AND LOWER(CONCAT(m.pms_sec_id, ',', m.structure_no)) ILIKE $1
      GROUP BY t.uu_bms_id, m.pms_sec_id, m.structure_no, m.district, m.span_length_m, m.no_of_span
      HAVING COUNT(*) FILTER (
        WHERE t.qc_con = 2 OR (t.qc_con = 1 AND t.surveyed_by = 'RAMS-UU')
      ) > 0
      ORDER BY t.uu_bms_id;
     | Parameters: ["%p_fa_l00138_inc_2,l00138_st_ 2096%"]
[2025-08-26T09:34:57.915Z] Consultant Query: 
      SELECT DISTINCT ON (ins.uu_bms_id)
        bmd."pms_sec_id", 
        bmd."structure_no",
        bmd."structure_type_id",
        CONCAT(bmd."pms_sec_id", ',', bmd."structure_no") AS bridge_name, 
        ins.uu_bms_id,
        ins."CheckingID",
        ins."inspection_id",
        ins."SpanIndex",
        ins."district_id", 
        ins."WorkKindName", 
        ins."PartsName", 
        ins."MaterialName", 
        ins."DamageKindName", 
        ins."DamageLevel", 
        ins."damage_extent",  
        ins."current_date_time",  
        ins."Remarks", 
        ins.qc_con,
        ins.qc_remarks_con,
        ins.inspection_images AS "PhotoPaths"
      FROM bms.tbl_inspection_f AS ins
      JOIN bms.tbl_bms_master_data AS bmd 
        ON ins."uu_bms_id" = bmd."uu_bms_id" AND bmd.is_active = true
      WHERE ((ins.surveyed_by = 'RAMS-UU' AND ins.qc_con = 3) AND ins.is_latest = true)
     AND LOWER(CONCAT(bmd.pms_sec_id, ',', bmd.structure_no)) ILIKE $1 ORDER BY ins.uu_bms_id, ins.inspection_id DESC; | Parameters: ["%p_fa_l00138_inc_2,l00138_st_ 2096%"]
[2025-08-26T09:34:57.916Z] RAMS Query: 
      SELECT DISTINCT ON (ins.uu_bms_id)
        bmd."pms_sec_id", 
        bmd."structure_no",
        bmd."structure_type_id",
        CONCAT(bmd."pms_sec_id", ',', bmd."structure_no") AS bridge_name, 
        ins.uu_bms_id,
        ins."SpanIndex",
        ins."district_id", 
        ins."WorkKindName", 
        ins."PartsName", 
        ins."MaterialName", 
        ins."DamageKindName", 
        ins."DamageLevel", 
        ins."damage_extent", 
        ins."current_date_time",  
        ins."Remarks", 
        ins.qc_rams,
        ins.qc_remarks_rams,
        ins.inspection_images AS "PhotoPaths"
      FROM bms.tbl_inspection_f AS ins
      JOIN bms.tbl_bms_master_data AS bmd 
        ON ins."uu_bms_id" = bmd."uu_bms_id" AND bmd.is_active = true
      WHERE ((ins.surveyed_by = 'RAMS-UU' AND ins.qc_con = 3) AND ins.is_latest = true)
     AND LOWER(CONCAT(bmd.pms_sec_id, ',', bmd.structure_no)) ILIKE $1 ORDER BY ins.uu_bms_id, ins.inspection_id DESC; | Parameters: ["%p_fa_l00138_inc_2,l00138_st_ 2096%"]
[2025-08-26T10:11:32.174Z] Summary Query: 
      SELECT 
        t.uu_bms_id,
        CONCAT(m.pms_sec_id, ',', m.structure_no) AS bridge_name,
        m.district,
        (COALESCE(m.span_length_m, 0) * COALESCE(m.no_of_span, 0)) AS bridge_length,
        COUNT(*) FILTER (WHERE t.qc_con = 2) AS approved_insp,
        SUM(
          CASE 
            WHEN t.qc_con = 1 AND t.surveyed_by = 'RAMS-UU' 
            THEN 1 
            ELSE 0 
          END
        ) AS pending_inspections,
        COUNT(*) FILTER (WHERE t.qc_con = 2 OR (t.qc_con = 1 AND t.surveyed_by = 'RAMS-UU')) AS total_inspections
      FROM bms.tbl_inspection_f t
      INNER JOIN bms.tbl_bms_master_data m ON t.uu_bms_id = m.uu_bms_id
      WHERE m.is_active = true
    
      GROUP BY t.uu_bms_id, m.pms_sec_id, m.structure_no, m.district, m.span_length_m, m.no_of_span
      HAVING COUNT(*) FILTER (
        WHERE t.qc_con = 2 OR (t.qc_con = 1 AND t.surveyed_by = 'RAMS-UU')
      ) > 0
      ORDER BY t.uu_bms_id;
     | Parameters: []
[2025-08-26T10:11:32.175Z] Consultant Query: 
      SELECT DISTINCT ON (ins.uu_bms_id)
        bmd."pms_sec_id", 
        bmd."structure_no",
        bmd."structure_type_id",
        CONCAT(bmd."pms_sec_id", ',', bmd."structure_no") AS bridge_name, 
        ins.uu_bms_id,
        ins."CheckingID",
        ins."inspection_id",
        ins."SpanIndex",
        ins."district_id", 
        ins."WorkKindName", 
        ins."PartsName", 
        ins."MaterialName", 
        ins."DamageKindName", 
        ins."DamageLevel", 
        ins."damage_extent",  
        ins."current_date_time",  
        ins."Remarks", 
        ins.qc_con,
        ins.qc_remarks_con,
        ins.inspection_images AS "PhotoPaths"
      FROM bms.tbl_inspection_f AS ins
      JOIN bms.tbl_bms_master_data AS bmd 
        ON ins."uu_bms_id" = bmd."uu_bms_id" AND bmd.is_active = true
      WHERE ((ins.surveyed_by = 'RAMS-UU' AND ins.qc_con = 3) AND ins.is_latest = true)
     ORDER BY ins.uu_bms_id, ins.inspection_id DESC; | Parameters: []
[2025-08-26T10:11:32.175Z] RAMS Query: 
      SELECT DISTINCT ON (ins.uu_bms_id)
        bmd."pms_sec_id", 
        bmd."structure_no",
        bmd."structure_type_id",
        CONCAT(bmd."pms_sec_id", ',', bmd."structure_no") AS bridge_name, 
        ins.uu_bms_id,
        ins."SpanIndex",
        ins."district_id", 
        ins."WorkKindName", 
        ins."PartsName", 
        ins."MaterialName", 
        ins."DamageKindName", 
        ins."DamageLevel", 
        ins."damage_extent", 
        ins."current_date_time",  
        ins."Remarks", 
        ins.qc_rams,
        ins.qc_remarks_rams,
        ins.inspection_images AS "PhotoPaths"
      FROM bms.tbl_inspection_f AS ins
      JOIN bms.tbl_bms_master_data AS bmd 
        ON ins."uu_bms_id" = bmd."uu_bms_id" AND bmd.is_active = true
      WHERE ((ins.surveyed_by = 'RAMS-UU' AND ins.qc_con = 3) AND ins.is_latest = true)
     ORDER BY ins.uu_bms_id, ins.inspection_id DESC; | Parameters: []
[2025-08-26T10:11:32.178Z] Summary Query: 
      SELECT 
        t.uu_bms_id,
        CONCAT(m.pms_sec_id, ',', m.structure_no) AS bridge_name,
        m.district,
        (COALESCE(m.span_length_m, 0) * COALESCE(m.no_of_span, 0)) AS bridge_length,
        COUNT(*) FILTER (WHERE t.qc_con = 2) AS approved_insp,
        SUM(
          CASE 
            WHEN t.qc_con = 1 AND t.surveyed_by = 'RAMS-UU' 
            THEN 1 
            ELSE 0 
          END
        ) AS pending_inspections,
        COUNT(*) FILTER (WHERE t.qc_con = 2 OR (t.qc_con = 1 AND t.surveyed_by = 'RAMS-UU')) AS total_inspections
      FROM bms.tbl_inspection_f t
      INNER JOIN bms.tbl_bms_master_data m ON t.uu_bms_id = m.uu_bms_id
      WHERE m.is_active = true
    
      GROUP BY t.uu_bms_id, m.pms_sec_id, m.structure_no, m.district, m.span_length_m, m.no_of_span
      HAVING COUNT(*) FILTER (
        WHERE t.qc_con = 2 OR (t.qc_con = 1 AND t.surveyed_by = 'RAMS-UU')
      ) > 0
      ORDER BY t.uu_bms_id;
     | Parameters: []
[2025-08-26T10:11:32.179Z] Consultant Query: 
      SELECT DISTINCT ON (ins.uu_bms_id)
        bmd."pms_sec_id", 
        bmd."structure_no",
        bmd."structure_type_id",
        CONCAT(bmd."pms_sec_id", ',', bmd."structure_no") AS bridge_name, 
        ins.uu_bms_id,
        ins."CheckingID",
        ins."inspection_id",
        ins."SpanIndex",
        ins."district_id", 
        ins."WorkKindName", 
        ins."PartsName", 
        ins."MaterialName", 
        ins."DamageKindName", 
        ins."DamageLevel", 
        ins."damage_extent",  
        ins."current_date_time",  
        ins."Remarks", 
        ins.qc_con,
        ins.qc_remarks_con,
        ins.inspection_images AS "PhotoPaths"
      FROM bms.tbl_inspection_f AS ins
      JOIN bms.tbl_bms_master_data AS bmd 
        ON ins."uu_bms_id" = bmd."uu_bms_id" AND bmd.is_active = true
      WHERE ((ins.surveyed_by = 'RAMS-UU' AND ins.qc_con = 3) AND ins.is_latest = true)
     ORDER BY ins.uu_bms_id, ins.inspection_id DESC; | Parameters: []
[2025-08-26T10:11:32.179Z] RAMS Query: 
      SELECT DISTINCT ON (ins.uu_bms_id)
        bmd."pms_sec_id", 
        bmd."structure_no",
        bmd."structure_type_id",
        CONCAT(bmd."pms_sec_id", ',', bmd."structure_no") AS bridge_name, 
        ins.uu_bms_id,
        ins."SpanIndex",
        ins."district_id", 
        ins."WorkKindName", 
        ins."PartsName", 
        ins."MaterialName", 
        ins."DamageKindName", 
        ins."DamageLevel", 
        ins."damage_extent", 
        ins."current_date_time",  
        ins."Remarks", 
        ins.qc_rams,
        ins.qc_remarks_rams,
        ins.inspection_images AS "PhotoPaths"
      FROM bms.tbl_inspection_f AS ins
      JOIN bms.tbl_bms_master_data AS bmd 
        ON ins."uu_bms_id" = bmd."uu_bms_id" AND bmd.is_active = true
      WHERE ((ins.surveyed_by = 'RAMS-UU' AND ins.qc_con = 3) AND ins.is_latest = true)
     ORDER BY ins.uu_bms_id, ins.inspection_id DESC; | Parameters: []
[2025-08-26T10:11:52.287Z] Summary Query: 
      SELECT 
        t.uu_bms_id,
        CONCAT(m.pms_sec_id, ',', m.structure_no) AS bridge_name,
        m.district,
        (COALESCE(m.span_length_m, 0) * COALESCE(m.no_of_span, 0)) AS bridge_length,
        COUNT(*) FILTER (WHERE t.qc_con = 2) AS approved_insp,
        SUM(
          CASE 
            WHEN t.qc_con = 1 AND t.surveyed_by = 'RAMS-UU' 
            THEN 1 
            ELSE 0 
          END
        ) AS pending_inspections,
        COUNT(*) FILTER (WHERE t.qc_con = 2 OR (t.qc_con = 1 AND t.surveyed_by = 'RAMS-UU')) AS total_inspections
      FROM bms.tbl_inspection_f t
      INNER JOIN bms.tbl_bms_master_data m ON t.uu_bms_id = m.uu_bms_id
      WHERE m.is_active = true
     AND LOWER(CONCAT(m.pms_sec_id, ',', m.structure_no)) ILIKE $1
      GROUP BY t.uu_bms_id, m.pms_sec_id, m.structure_no, m.district, m.span_length_m, m.no_of_span
      HAVING COUNT(*) FILTER (
        WHERE t.qc_con = 2 OR (t.qc_con = 1 AND t.surveyed_by = 'RAMS-UU')
      ) > 0
      ORDER BY t.uu_bms_id;
     | Parameters: ["%gw_c0036_inc_01,gw_c0036_st_1%"]
[2025-08-26T10:11:52.288Z] Consultant Query: 
      SELECT DISTINCT ON (ins.uu_bms_id)
        bmd."pms_sec_id", 
        bmd."structure_no",
        bmd."structure_type_id",
        CONCAT(bmd."pms_sec_id", ',', bmd."structure_no") AS bridge_name, 
        ins.uu_bms_id,
        ins."CheckingID",
        ins."inspection_id",
        ins."SpanIndex",
        ins."district_id", 
        ins."WorkKindName", 
        ins."PartsName", 
        ins."MaterialName", 
        ins."DamageKindName", 
        ins."DamageLevel", 
        ins."damage_extent",  
        ins."current_date_time",  
        ins."Remarks", 
        ins.qc_con,
        ins.qc_remarks_con,
        ins.inspection_images AS "PhotoPaths"
      FROM bms.tbl_inspection_f AS ins
      JOIN bms.tbl_bms_master_data AS bmd 
        ON ins."uu_bms_id" = bmd."uu_bms_id" AND bmd.is_active = true
      WHERE ((ins.surveyed_by = 'RAMS-UU' AND ins.qc_con = 3) AND ins.is_latest = true)
     AND LOWER(CONCAT(bmd.pms_sec_id, ',', bmd.structure_no)) ILIKE $1 ORDER BY ins.uu_bms_id, ins.inspection_id DESC; | Parameters: ["%gw_c0036_inc_01,gw_c0036_st_1%"]
[2025-08-26T10:11:52.288Z] RAMS Query: 
      SELECT DISTINCT ON (ins.uu_bms_id)
        bmd."pms_sec_id", 
        bmd."structure_no",
        bmd."structure_type_id",
        CONCAT(bmd."pms_sec_id", ',', bmd."structure_no") AS bridge_name, 
        ins.uu_bms_id,
        ins."SpanIndex",
        ins."district_id", 
        ins."WorkKindName", 
        ins."PartsName", 
        ins."MaterialName", 
        ins."DamageKindName", 
        ins."DamageLevel", 
        ins."damage_extent", 
        ins."current_date_time",  
        ins."Remarks", 
        ins.qc_rams,
        ins.qc_remarks_rams,
        ins.inspection_images AS "PhotoPaths"
      FROM bms.tbl_inspection_f AS ins
      JOIN bms.tbl_bms_master_data AS bmd 
        ON ins."uu_bms_id" = bmd."uu_bms_id" AND bmd.is_active = true
      WHERE ((ins.surveyed_by = 'RAMS-UU' AND ins.qc_con = 3) AND ins.is_latest = true)
     AND LOWER(CONCAT(bmd.pms_sec_id, ',', bmd.structure_no)) ILIKE $1 ORDER BY ins.uu_bms_id, ins.inspection_id DESC; | Parameters: ["%gw_c0036_inc_01,gw_c0036_st_1%"]
